Determining if the pthread_create exist failed with the following output:
Change Dir: /home/kevin/rosbuild_ws/package_dir/WIDL/build/CMakeFiles/CMakeTmp

Run Build Command:"/usr/bin/make" "cmTryCompileExec4263881243/fast"
make[1]: entrant dans le répertoire « /home/kevin/rosbuild_ws/package_dir/WIDL/build/CMakeFiles/CMakeTmp »
/usr/bin/make -f CMakeFiles/cmTryCompileExec4263881243.dir/build.make CMakeFiles/cmTryCompileExec4263881243.dir/build
make[2]: entrant dans le répertoire « /home/kevin/rosbuild_ws/package_dir/WIDL/build/CMakeFiles/CMakeTmp »
/usr/bin/cmake -E cmake_progress_report /home/kevin/rosbuild_ws/package_dir/WIDL/build/CMakeFiles/CMakeTmp/CMakeFiles 1
Building C object CMakeFiles/cmTryCompileExec4263881243.dir/CheckSymbolExists.c.o
/usr/bin/cc    -o CMakeFiles/cmTryCompileExec4263881243.dir/CheckSymbolExists.c.o   -c /home/kevin/rosbuild_ws/package_dir/WIDL/build/CMakeFiles/CMakeTmp/CheckSymbolExists.c
Linking C executable cmTryCompileExec4263881243
/usr/bin/cmake -E cmake_link_script CMakeFiles/cmTryCompileExec4263881243.dir/link.txt --verbose=1
/usr/bin/cc       CMakeFiles/cmTryCompileExec4263881243.dir/CheckSymbolExists.c.o  -o cmTryCompileExec4263881243 -rdynamic 
CMakeFiles/cmTryCompileExec4263881243.dir/CheckSymbolExists.c.o: dans la fonction « main »:
CheckSymbolExists.c:(.text+0xa): référence indéfinie vers « pthread_create »
collect2: error: ld returned 1 exit status
make[2]: *** [cmTryCompileExec4263881243] Erreur 1
make[2]: quittant le répertoire « /home/kevin/rosbuild_ws/package_dir/WIDL/build/CMakeFiles/CMakeTmp »
make[1]: *** [cmTryCompileExec4263881243/fast] Erreur 2
make[1]: quittant le répertoire « /home/kevin/rosbuild_ws/package_dir/WIDL/build/CMakeFiles/CMakeTmp »

File /home/kevin/rosbuild_ws/package_dir/WIDL/build/CMakeFiles/CMakeTmp/CheckSymbolExists.c:
/* */
#include <pthread.h>

int main(int argc, char** argv)
{
  (void)argv;
#ifndef pthread_create
  return ((int*)(&pthread_create))[argc];
#else
  (void)argc;
  return 0;
#endif
}

Determining if the function pthread_create exists in the pthreads failed with the following output:
Change Dir: /home/kevin/rosbuild_ws/package_dir/WIDL/build/CMakeFiles/CMakeTmp

Run Build Command:"/usr/bin/make" "cmTryCompileExec3746857196/fast"
make[1]: entrant dans le répertoire « /home/kevin/rosbuild_ws/package_dir/WIDL/build/CMakeFiles/CMakeTmp »
/usr/bin/make -f CMakeFiles/cmTryCompileExec3746857196.dir/build.make CMakeFiles/cmTryCompileExec3746857196.dir/build
make[2]: entrant dans le répertoire « /home/kevin/rosbuild_ws/package_dir/WIDL/build/CMakeFiles/CMakeTmp »
/usr/bin/cmake -E cmake_progress_report /home/kevin/rosbuild_ws/package_dir/WIDL/build/CMakeFiles/CMakeTmp/CMakeFiles 1
Building C object CMakeFiles/cmTryCompileExec3746857196.dir/CheckFunctionExists.c.o
/usr/bin/cc   -DCHECK_FUNCTION_EXISTS=pthread_create   -o CMakeFiles/cmTryCompileExec3746857196.dir/CheckFunctionExists.c.o   -c /usr/share/cmake-3.2/Modules/CheckFunctionExists.c
Linking C executable cmTryCompileExec3746857196
/usr/bin/cmake -E cmake_link_script CMakeFiles/cmTryCompileExec3746857196.dir/link.txt --verbose=1
/usr/bin/cc   -DCHECK_FUNCTION_EXISTS=pthread_create    CMakeFiles/cmTryCompileExec3746857196.dir/CheckFunctionExists.c.o  -o cmTryCompileExec3746857196 -rdynamic -lpthreads 
/usr/bin/ld: ne peut trouver -lpthreads
collect2: error: ld returned 1 exit status
make[2]: *** [cmTryCompileExec3746857196] Erreur 1
make[2]: quittant le répertoire « /home/kevin/rosbuild_ws/package_dir/WIDL/build/CMakeFiles/CMakeTmp »
make[1]: *** [cmTryCompileExec3746857196/fast] Erreur 2
make[1]: quittant le répertoire « /home/kevin/rosbuild_ws/package_dir/WIDL/build/CMakeFiles/CMakeTmp »


