Determining if the pthread_create exist failed with the following output:
Change Dir: /home/kevin/rosbuild_ws/package_dir/LFExtractor/build/CMakeFiles/CMakeTmp

Run Build Command:/usr/bin/make "cmTryCompileExec454701029/fast"
make[1]: Entering directory `/home/kevin/rosbuild_ws/package_dir/LFExtractor/build/CMakeFiles/CMakeTmp'
/usr/bin/make -f CMakeFiles/cmTryCompileExec454701029.dir/build.make CMakeFiles/cmTryCompileExec454701029.dir/build
make[2]: Entering directory `/home/kevin/rosbuild_ws/package_dir/LFExtractor/build/CMakeFiles/CMakeTmp'
/usr/bin/cmake -E cmake_progress_report /home/kevin/rosbuild_ws/package_dir/LFExtractor/build/CMakeFiles/CMakeTmp/CMakeFiles 1
Building C object CMakeFiles/cmTryCompileExec454701029.dir/CheckSymbolExists.c.o
/usr/bin/cc    -o CMakeFiles/cmTryCompileExec454701029.dir/CheckSymbolExists.c.o   -c /home/kevin/rosbuild_ws/package_dir/LFExtractor/build/CMakeFiles/CMakeTmp/CheckSymbolExists.c
Linking C executable cmTryCompileExec454701029
/usr/bin/cmake -E cmake_link_script CMakeFiles/cmTryCompileExec454701029.dir/link.txt --verbose=1
/usr/bin/cc       CMakeFiles/cmTryCompileExec454701029.dir/CheckSymbolExists.c.o  -o cmTryCompileExec454701029 -rdynamic 
CMakeFiles/cmTryCompileExec454701029.dir/CheckSymbolExists.c.o: In function `main':
CheckSymbolExists.c:(.text+0x16): undefined reference to `pthread_create'
collect2: error: ld returned 1 exit status
make[2]: *** [cmTryCompileExec454701029] Error 1
make[2]: Leaving directory `/home/kevin/rosbuild_ws/package_dir/LFExtractor/build/CMakeFiles/CMakeTmp'
make[1]: *** [cmTryCompileExec454701029/fast] Error 2
make[1]: Leaving directory `/home/kevin/rosbuild_ws/package_dir/LFExtractor/build/CMakeFiles/CMakeTmp'

File /home/kevin/rosbuild_ws/package_dir/LFExtractor/build/CMakeFiles/CMakeTmp/CheckSymbolExists.c:
/* */
#include <pthread.h>

int main(int argc, char** argv)
{
  (void)argv;
#ifndef pthread_create
  return ((int*)(&pthread_create))[argc];
#else
  (void)argc;
  return 0;
#endif
}

Determining if the function pthread_create exists in the pthreads failed with the following output:
Change Dir: /home/kevin/rosbuild_ws/package_dir/LFExtractor/build/CMakeFiles/CMakeTmp

Run Build Command:/usr/bin/make "cmTryCompileExec240454456/fast"
make[1]: Entering directory `/home/kevin/rosbuild_ws/package_dir/LFExtractor/build/CMakeFiles/CMakeTmp'
/usr/bin/make -f CMakeFiles/cmTryCompileExec240454456.dir/build.make CMakeFiles/cmTryCompileExec240454456.dir/build
make[2]: Entering directory `/home/kevin/rosbuild_ws/package_dir/LFExtractor/build/CMakeFiles/CMakeTmp'
/usr/bin/cmake -E cmake_progress_report /home/kevin/rosbuild_ws/package_dir/LFExtractor/build/CMakeFiles/CMakeTmp/CMakeFiles 1
Building C object CMakeFiles/cmTryCompileExec240454456.dir/CheckFunctionExists.c.o
/usr/bin/cc   -DCHECK_FUNCTION_EXISTS=pthread_create   -o CMakeFiles/cmTryCompileExec240454456.dir/CheckFunctionExists.c.o   -c /usr/share/cmake-2.8/Modules/CheckFunctionExists.c
Linking C executable cmTryCompileExec240454456
/usr/bin/cmake -E cmake_link_script CMakeFiles/cmTryCompileExec240454456.dir/link.txt --verbose=1
/usr/bin/cc   -DCHECK_FUNCTION_EXISTS=pthread_create    CMakeFiles/cmTryCompileExec240454456.dir/CheckFunctionExists.c.o  -o cmTryCompileExec240454456 -rdynamic -lpthreads 
/usr/bin/ld: cannot find -lpthreads
collect2: error: ld returned 1 exit status
make[2]: Leaving directory `/home/kevin/rosbuild_ws/package_dir/LFExtractor/build/CMakeFiles/CMakeTmp'
make[2]: *** [cmTryCompileExec240454456] Error 1
make[1]: *** [cmTryCompileExec240454456/fast] Error 2
make[1]: Leaving directory `/home/kevin/rosbuild_ws/package_dir/LFExtractor/build/CMakeFiles/CMakeTmp'


