Determining if the pthread_create exist failed with the following output:
Change Dir: /home/kevin/rosbuild_ws/package_dir/ImagePublisher/build/CMakeFiles/CMakeTmp

Run Build Command:/usr/bin/make "cmTryCompileExec4061330529/fast"
make[1]: entrant dans le répertoire « /home/kevin/rosbuild_ws/package_dir/ImagePublisher/build/CMakeFiles/CMakeTmp »
/usr/bin/make -f CMakeFiles/cmTryCompileExec4061330529.dir/build.make CMakeFiles/cmTryCompileExec4061330529.dir/build
make[2]: entrant dans le répertoire « /home/kevin/rosbuild_ws/package_dir/ImagePublisher/build/CMakeFiles/CMakeTmp »
/usr/bin/cmake -E cmake_progress_report /home/kevin/rosbuild_ws/package_dir/ImagePublisher/build/CMakeFiles/CMakeTmp/CMakeFiles 1
Building C object CMakeFiles/cmTryCompileExec4061330529.dir/CheckSymbolExists.c.o
/usr/bin/cc    -o CMakeFiles/cmTryCompileExec4061330529.dir/CheckSymbolExists.c.o   -c /home/kevin/rosbuild_ws/package_dir/ImagePublisher/build/CMakeFiles/CMakeTmp/CheckSymbolExists.c
Linking C executable cmTryCompileExec4061330529
/usr/bin/cmake -E cmake_link_script CMakeFiles/cmTryCompileExec4061330529.dir/link.txt --verbose=1
/usr/bin/cc       CMakeFiles/cmTryCompileExec4061330529.dir/CheckSymbolExists.c.o  -o cmTryCompileExec4061330529 -rdynamic 
CMakeFiles/cmTryCompileExec4061330529.dir/CheckSymbolExists.c.o: dans la fonction « main »:
CheckSymbolExists.c:(.text+0x16): référence indéfinie vers « pthread_create »
collect2: error: ld returned 1 exit status
make[2]: *** [cmTryCompileExec4061330529] Erreur 1
make[2]: quittant le répertoire « /home/kevin/rosbuild_ws/package_dir/ImagePublisher/build/CMakeFiles/CMakeTmp »
make[1]: *** [cmTryCompileExec4061330529/fast] Erreur 2
make[1]: quittant le répertoire « /home/kevin/rosbuild_ws/package_dir/ImagePublisher/build/CMakeFiles/CMakeTmp »

File /home/kevin/rosbuild_ws/package_dir/ImagePublisher/build/CMakeFiles/CMakeTmp/CheckSymbolExists.c:
/* */
#include <pthread.h>

int main(int argc, char** argv)
{
  (void)argv;
#ifndef pthread_create
  return ((int*)(&pthread_create))[argc];
#else
  (void)argc;
  return 0;
#endif
}

Determining if the function pthread_create exists in the pthreads failed with the following output:
Change Dir: /home/kevin/rosbuild_ws/package_dir/ImagePublisher/build/CMakeFiles/CMakeTmp

Run Build Command:/usr/bin/make "cmTryCompileExec465233752/fast"
make[1]: entrant dans le répertoire « /home/kevin/rosbuild_ws/package_dir/ImagePublisher/build/CMakeFiles/CMakeTmp »
/usr/bin/make -f CMakeFiles/cmTryCompileExec465233752.dir/build.make CMakeFiles/cmTryCompileExec465233752.dir/build
make[2]: entrant dans le répertoire « /home/kevin/rosbuild_ws/package_dir/ImagePublisher/build/CMakeFiles/CMakeTmp »
/usr/bin/cmake -E cmake_progress_report /home/kevin/rosbuild_ws/package_dir/ImagePublisher/build/CMakeFiles/CMakeTmp/CMakeFiles 1
Building C object CMakeFiles/cmTryCompileExec465233752.dir/CheckFunctionExists.c.o
/usr/bin/cc   -DCHECK_FUNCTION_EXISTS=pthread_create   -o CMakeFiles/cmTryCompileExec465233752.dir/CheckFunctionExists.c.o   -c /usr/share/cmake-2.8/Modules/CheckFunctionExists.c
Linking C executable cmTryCompileExec465233752
/usr/bin/cmake -E cmake_link_script CMakeFiles/cmTryCompileExec465233752.dir/link.txt --verbose=1
/usr/bin/cc   -DCHECK_FUNCTION_EXISTS=pthread_create    CMakeFiles/cmTryCompileExec465233752.dir/CheckFunctionExists.c.o  -o cmTryCompileExec465233752 -rdynamic -lpthreads 
/usr/bin/ld: ne peut trouver -lpthreads
collect2: error: ld returned 1 exit status
make[2]: *** [cmTryCompileExec465233752] Erreur 1
make[2]: quittant le répertoire « /home/kevin/rosbuild_ws/package_dir/ImagePublisher/build/CMakeFiles/CMakeTmp »
make[1]: *** [cmTryCompileExec465233752/fast] Erreur 2
make[1]: quittant le répertoire « /home/kevin/rosbuild_ws/package_dir/ImagePublisher/build/CMakeFiles/CMakeTmp »


